[Sat Jan 11 13:53:50 2014] [debug] Reading config file "/home/berov/opt/public_dev/Ado/etc/ado.conf".
[Sat Jan 11 13:53:51 2014] [debug] Reading config file "/home/berov/opt/public_dev/Ado/etc/ado.conf".
[Sat Jan 11 13:53:51 2014] [debug] Loading Plugin:{
  'config' => {
    'charset' => 'UTF-8'
  },
  'name' => 'charset'
}

[Sat Jan 11 13:53:51 2014] [debug] Loading Plugin:{
  'config' => {
    'database' => '/home/berov/opt/public_dev/Ado/etc/ado.sqlite',
    'dbh_attributes' => {
      'sqlite_unicode' => 1
    },
    'driver' => 'SQLite',
    'namespace' => 'Ado::Model',
    'onconnect_do' => [
      'PRAGMA encoding = "UTF-8"',
      'PRAGMA foreign_keys = ON',
      'PRAGMA temp_store = 2'
    ]
  },
  'name' => 'DSC'
}

[Sat Jan 11 13:53:51 2014] [debug] Reading config file "/home/berov/opt/public_dev/Ado/etc/ado.conf".
[Sat Jan 11 13:53:51 2014] [debug] Loading Plugin:{
  'config' => {
    'charset' => 'UTF-8'
  },
  'name' => 'charset'
}

[Sat Jan 11 13:53:51 2014] [debug] Loading Plugin:{
  'config' => {
    'database' => '/home/berov/opt/public_dev/Ado/etc/ado.sqlite',
    'dbh_attributes' => {
      'sqlite_unicode' => 1
    },
    'driver' => 'SQLite',
    'namespace' => 'Ado::Model',
    'onconnect_do' => [
      'PRAGMA encoding = "UTF-8"',
      'PRAGMA foreign_keys = ON',
      'PRAGMA temp_store = 2'
    ]
  },
  'name' => 'DSC'
}

[Sat Jan 11 13:53:51 2014] [debug] Loading Plugin:'routes'

[Sat Jan 11 13:53:51 2014] [debug] Reading config file "/home/berov/opt/public_dev/Ado/etc/plugins/routes.conf".
[Sat Jan 11 13:53:51 2014] [debug] Plugin Routes configuration:{
  'namespaces' => [],
  'routes' => [
    {
      'route' => '/ado-users',
      'to' => 'ado-users#list',
      'via' => [
        'GET'
      ]
    },
    {
      'route' => '/ado-users',
      'to' => 'ado-users#add',
      'via' => [
        'POST'
      ]
    },
    {
      'params' => {
        'id' => qr/(?^:\d+)/
      },
      'route' => '/ado-users/:id',
      'to' => 'ado-users#show',
      'via' => [
        'GET'
      ]
    },
    {
      'params' => {
        'id' => qr/(?^:\d+)/
      },
      'route' => '/ado-users/:id',
      'to' => 'ado-users#update',
      'via' => [
        'PUT'
      ]
    },
    {
      'params' => {
        'id' => qr/(?^:\d+)/
      },
      'route' => '/ado-users/:id',
      'to' => 'ado-users#disable',
      'via' => [
        'DELETE'
      ]
    }
  ]
}

[Sat Jan 11 13:53:51 2014] [debug] Loading Plugin:{
  'config' => {
    'charset' => 'UTF-8'
  },
  'name' => 'charset'
}

[Sat Jan 11 13:53:51 2014] [debug] Loading Plugin:{
  'config' => {
    'database' => '/home/berov/opt/public_dev/Ado/etc/ado.sqlite',
    'dbh_attributes' => {
      'sqlite_unicode' => 1
    },
    'driver' => 'SQLite',
    'namespace' => 'Ado::Model',
    'onconnect_do' => [
      'PRAGMA encoding = "UTF-8"',
      'PRAGMA foreign_keys = ON',
      'PRAGMA temp_store = 2'
    ]
  },
  'name' => 'DSC'
}

[Sat Jan 11 13:53:51 2014] [debug] GET "/%D0%B4%D0%BE%D0%B1%D1%80%D0%B5/%D0%BE%D0%BA".
[Sat Jan 11 13:53:51 2014] [debug] Rendering template "/добре/ок.html.ep".
[Sat Jan 11 13:53:51 2014] [debug] Rendering template "layouts/default.html.ep".
[Sat Jan 11 13:53:51 2014] [debug] 200 OK (0.039701s, 25.188/s).
[Sat Jan 11 13:53:51 2014] [debug] GET "/%D0%B4%D0%BE%D0%B1%D1%80%D0%B5/%D0%BE%D0%BA/%D0%BD%D0%B5%D1%89%D0%BE".
[Sat Jan 11 13:53:51 2014] [debug] Rendering template "/добре/ок.html.ep".
[Sat Jan 11 13:53:51 2014] [debug] Loading Plugin:'routes'

[Sat Jan 11 13:53:51 2014] [debug] Reading config file "/home/berov/opt/public_dev/Ado/etc/plugins/routes.conf".
[Sat Jan 11 13:53:51 2014] [debug] Plugin Routes configuration:{
  'namespaces' => [],
  'routes' => [
    {
      'route' => '/ado-users',
      'to' => 'ado-users#list',
      'via' => [
        'GET'
      ]
    },
    {
      'route' => '/ado-users',
      'to' => 'ado-users#add',
      'via' => [
        'POST'
      ]
    },
    {
      'params' => {
        'id' => qr/(?^:\d+)/
      },
      'route' => '/ado-users/:id',
      'to' => 'ado-users#show',
      'via' => [
        'GET'
      ]
    },
    {
      'params' => {
        'id' => qr/(?^:\d+)/
      },
      'route' => '/ado-users/:id',
      'to' => 'ado-users#update',
      'via' => [
        'PUT'
      ]
    },
    {
      'params' => {
        'id' => qr/(?^:\d+)/
      },
      'route' => '/ado-users/:id',
      'to' => 'ado-users#disable',
      'via' => [
        'DELETE'
      ]
    }
  ]
}

[Sat Jan 11 13:53:51 2014] [debug] Rendering template "layouts/default.html.ep".
[Sat Jan 11 13:53:51 2014] [debug] 200 OK (0.038756s, 25.802/s).
[Sat Jan 11 13:53:51 2014] [debug] GET "/ado-users/list.html".
[Sat Jan 11 13:53:51 2014] [debug] Routing to controller "Ado::Control::Ado::Users" and action "list".
[Sat Jan 11 13:53:51 2014] [debug] format:html
[Sat Jan 11 13:53:51 2014] [debug] GET "/perldoc".
[Sat Jan 11 13:53:51 2014] [debug] Routing to a callback.
[Sat Jan 11 13:53:51 2014] [debug] Loading Plugin:'routes'

[Sat Jan 11 13:53:51 2014] [debug] Rendering inline template.
[Sat Jan 11 13:53:51 2014] [debug] Reading config file "/home/berov/opt/public_dev/Ado/etc/plugins/routes.conf".
[Sat Jan 11 13:53:51 2014] [debug] 415 Unsupported Media Type (0.019228s, 52.007/s).
[Sat Jan 11 13:53:51 2014] [debug] Plugin Routes configuration:{
  'namespaces' => [],
  'routes' => [
    {
      'route' => '/ado-users',
      'to' => 'ado-users#list',
      'via' => [
        'GET'
      ]
    },
    {
      'route' => '/ado-users',
      'to' => 'ado-users#add',
      'via' => [
        'POST'
      ]
    },
    {
      'params' => {
        'id' => qr/(?^:\d+)/
      },
      'route' => '/ado-users/:id',
      'to' => 'ado-users#show',
      'via' => [
        'GET'
      ]
    },
    {
      'params' => {
        'id' => qr/(?^:\d+)/
      },
      'route' => '/ado-users/:id',
      'to' => 'ado-users#update',
      'via' => [
        'PUT'
      ]
    },
    {
      'params' => {
        'id' => qr/(?^:\d+)/
      },
      'route' => '/ado-users/:id',
      'to' => 'ado-users#disable',
      'via' => [
        'DELETE'
      ]
    }
  ]
}

[Sat Jan 11 13:53:51 2014] [debug] GET "/ado-users/list.json".
[Sat Jan 11 13:53:51 2014] [debug] Routing to controller "Ado::Control::Ado::Users" and action "list".
[Sat Jan 11 13:53:51 2014] [debug] format:json
[Sat Jan 11 13:53:51 2014] [debug] rendering json only [20, 0]
[Sat Jan 11 13:53:51 2014] [debug] 200 OK (0.006534s, 153.046/s).
[Sat Jan 11 13:53:51 2014] [debug] Rendering inline template.
[Sat Jan 11 13:53:51 2014] [debug] Rendering inline template.
[Sat Jan 11 13:53:51 2014] [debug] 200 OK (0.180416s, 5.543/s).
[Sat Jan 11 13:53:51 2014] [debug] GET "/".
[Sat Jan 11 13:53:51 2014] [debug] Routing to controller "Ado::Control::Default" and action "index".
[Sat Jan 11 13:53:51 2014] [debug] Rendering template "layouts/default.html.ep".
[Sat Jan 11 13:53:51 2014] [debug] 200 OK (0.004962s, 201.532/s).
[Sat Jan 11 13:53:51 2014] [debug] GET "/default".
[Sat Jan 11 13:53:51 2014] [debug] Routing to controller "Ado::Control::Default" and action "index".
[Sat Jan 11 13:53:51 2014] [debug] Rendering cached template "layouts/default.html.ep".
[Sat Jan 11 13:53:51 2014] [debug] 200 OK (0.002097s, 476.872/s).
[Sat Jan 11 13:53:51 2014] [debug] GET "/default/index".
[Sat Jan 11 13:53:51 2014] [debug] Routing to controller "Ado::Control::Default" and action "index".
[Sat Jan 11 13:53:51 2014] [debug] Rendering cached template "layouts/default.html.ep".
[Sat Jan 11 13:53:51 2014] [debug] 200 OK (0.002313s, 432.339/s).
[Sat Jan 11 13:53:51 2014] [debug] GET "/default/form".
[Sat Jan 11 13:53:51 2014] [debug] Routing to controller "Ado::Control::Default" and action "form".
[Sat Jan 11 13:53:51 2014] [debug] Rendering cached template "layouts/default.html.ep".
[Sat Jan 11 13:53:51 2014] [debug] 200 OK (0.002043s, 489.476/s).
[Sat Jan 11 13:53:51 2014] [debug] GET "/ado".
[Sat Jan 11 13:53:51 2014] [debug] Routing to controller "Ado::Control::Ado::Default" and action "index".
[Sat Jan 11 13:53:51 2014] [debug] Rendering cached template "layouts/default.html.ep".
[Sat Jan 11 13:53:51 2014] [debug] 200 OK (0.003290s, 303.951/s).
[Sat Jan 11 13:53:51 2014] [debug] GET "/ado-default".
[Sat Jan 11 13:53:51 2014] [debug] Routing to controller "Ado::Control::Ado::Default" and action "index".
[Sat Jan 11 13:53:51 2014] [debug] Rendering cached template "layouts/default.html.ep".
[Sat Jan 11 13:53:51 2014] [debug] 200 OK (0.001987s, 503.271/s).
[Sat Jan 11 13:53:51 2014] [debug] GET "/ado-default/index".
[Sat Jan 11 13:53:51 2014] [debug] Routing to controller "Ado::Control::Ado::Default" and action "index".
[Sat Jan 11 13:53:51 2014] [debug] Rendering cached template "layouts/default.html.ep".
[Sat Jan 11 13:53:51 2014] [debug] 200 OK (0.002121s, 471.476/s).
[Sat Jan 11 13:53:51 2014] [debug] GET "/ado-default/form".
[Sat Jan 11 13:53:51 2014] [debug] Routing to controller "Ado::Control::Ado::Default" and action "form".
[Sat Jan 11 13:53:51 2014] [debug] Rendering cached template "layouts/default.html.ep".
[Sat Jan 11 13:53:51 2014] [debug] 200 OK (0.002087s, 479.157/s).
[Sat Jan 11 13:59:14 2014] [debug] Reading config file "/home/berov/opt/public_dev/Ado/etc/ado.conf".
[Sat Jan 11 13:59:14 2014] [debug] Loading Plugin:{
  'config' => {
    'charset' => 'UTF-8'
  },
  'name' => 'charset'
}

[Sat Jan 11 13:59:14 2014] [debug] Loading Plugin:{
  'config' => {
    'database' => '/home/berov/opt/public_dev/Ado/etc/ado.sqlite',
    'dbh_attributes' => {
      'sqlite_unicode' => 1
    },
    'driver' => 'SQLite',
    'namespace' => 'Ado::Model',
    'onconnect_do' => [
      'PRAGMA encoding = "UTF-8"',
      'PRAGMA foreign_keys = ON',
      'PRAGMA temp_store = 2'
    ]
  },
  'name' => 'DSC'
}

[Sat Jan 11 13:59:14 2014] [debug] Reading config file "/home/berov/opt/public_dev/Ado/etc/ado.conf".
[Sat Jan 11 13:59:14 2014] [debug] Reading config file "/home/berov/opt/public_dev/Ado/etc/ado.conf".
[Sat Jan 11 13:59:14 2014] [debug] Loading Plugin:{
  'config' => {
    'charset' => 'UTF-8'
  },
  'name' => 'charset'
}

[Sat Jan 11 13:59:14 2014] [debug] Loading Plugin:{
  'config' => {
    'database' => '/home/berov/opt/public_dev/Ado/etc/ado.sqlite',
    'dbh_attributes' => {
      'sqlite_unicode' => 1
    },
    'driver' => 'SQLite',
    'namespace' => 'Ado::Model',
    'onconnect_do' => [
      'PRAGMA encoding = "UTF-8"',
      'PRAGMA foreign_keys = ON',
      'PRAGMA temp_store = 2'
    ]
  },
  'name' => 'DSC'
}

[Sat Jan 11 13:59:14 2014] [debug] Loading Plugin:{
  'config' => {
    'charset' => 'UTF-8'
  },
  'name' => 'charset'
}

[Sat Jan 11 13:59:14 2014] [debug] Loading Plugin:{
  'config' => {
    'database' => '/home/berov/opt/public_dev/Ado/etc/ado.sqlite',
    'dbh_attributes' => {
      'sqlite_unicode' => 1
    },
    'driver' => 'SQLite',
    'namespace' => 'Ado::Model',
    'onconnect_do' => [
      'PRAGMA encoding = "UTF-8"',
      'PRAGMA foreign_keys = ON',
      'PRAGMA temp_store = 2'
    ]
  },
  'name' => 'DSC'
}

[Sat Jan 11 13:59:14 2014] [debug] Loading Plugin:'routes'

[Sat Jan 11 13:59:14 2014] [debug] Reading config file "/home/berov/opt/public_dev/Ado/etc/plugins/routes.conf".
[Sat Jan 11 13:59:14 2014] [debug] Plugin Routes configuration:{
  'namespaces' => [],
  'routes' => [
    {
      'route' => '/ado-users',
      'to' => 'ado-users#list',
      'via' => [
        'GET'
      ]
    },
    {
      'route' => '/ado-users',
      'to' => 'ado-users#add',
      'via' => [
        'POST'
      ]
    },
    {
      'params' => {
        'id' => qr/(?^:\d+)/
      },
      'route' => '/ado-users/:id',
      'to' => 'ado-users#show',
      'via' => [
        'GET'
      ]
    },
    {
      'params' => {
        'id' => qr/(?^:\d+)/
      },
      'route' => '/ado-users/:id',
      'to' => 'ado-users#update',
      'via' => [
        'PUT'
      ]
    },
    {
      'params' => {
        'id' => qr/(?^:\d+)/
      },
      'route' => '/ado-users/:id',
      'to' => 'ado-users#disable',
      'via' => [
        'DELETE'
      ]
    }
  ]
}

[Sat Jan 11 13:59:14 2014] [debug] GET "/%D0%B4%D0%BE%D0%B1%D1%80%D0%B5/%D0%BE%D0%BA".
[Sat Jan 11 13:59:14 2014] [debug] Rendering template "/добре/ок.html.ep".
[Sat Jan 11 13:59:14 2014] [debug] Rendering template "layouts/default.html.ep".
[Sat Jan 11 13:59:14 2014] [debug] 200 OK (0.045995s, 21.741/s).
[Sat Jan 11 13:59:14 2014] [debug] GET "/%D0%B4%D0%BE%D0%B1%D1%80%D0%B5/%D0%BE%D0%BA/%D0%BD%D0%B5%D1%89%D0%BE".
[Sat Jan 11 13:59:14 2014] [debug] Rendering template "/добре/ок.html.ep".
[Sat Jan 11 13:59:14 2014] [debug] Rendering template "layouts/default.html.ep".
[Sat Jan 11 13:59:14 2014] [debug] 200 OK (0.028190s, 35.474/s).
[Sat Jan 11 13:59:14 2014] [debug] GET "/perldoc".
[Sat Jan 11 13:59:14 2014] [debug] Routing to a callback.
[Sat Jan 11 13:59:15 2014] [debug] Loading Plugin:'routes'

[Sat Jan 11 13:59:15 2014] [debug] Reading config file "/home/berov/opt/public_dev/Ado/etc/plugins/routes.conf".
[Sat Jan 11 13:59:15 2014] [debug] Plugin Routes configuration:{
  'namespaces' => [],
  'routes' => [
    {
      'route' => '/ado-users',
      'to' => 'ado-users#list',
      'via' => [
        'GET'
      ]
    },
    {
      'route' => '/ado-users',
      'to' => 'ado-users#add',
      'via' => [
        'POST'
      ]
    },
    {
      'params' => {
        'id' => qr/(?^:\d+)/
      },
      'route' => '/ado-users/:id',
      'to' => 'ado-users#show',
      'via' => [
        'GET'
      ]
    },
    {
      'params' => {
        'id' => qr/(?^:\d+)/
      },
      'route' => '/ado-users/:id',
      'to' => 'ado-users#update',
      'via' => [
        'PUT'
      ]
    },
    {
      'params' => {
        'id' => qr/(?^:\d+)/
      },
      'route' => '/ado-users/:id',
      'to' => 'ado-users#disable',
      'via' => [
        'DELETE'
      ]
    }
  ]
}

[Sat Jan 11 13:59:15 2014] [debug] Loading Plugin:'routes'

[Sat Jan 11 13:59:15 2014] [debug] Reading config file "/home/berov/opt/public_dev/Ado/etc/plugins/routes.conf".
[Sat Jan 11 13:59:15 2014] [debug] Plugin Routes configuration:{
  'namespaces' => [],
  'routes' => [
    {
      'route' => '/ado-users',
      'to' => 'ado-users#list',
      'via' => [
        'GET'
      ]
    },
    {
      'route' => '/ado-users',
      'to' => 'ado-users#add',
      'via' => [
        'POST'
      ]
    },
    {
      'params' => {
        'id' => qr/(?^:\d+)/
      },
      'route' => '/ado-users/:id',
      'to' => 'ado-users#show',
      'via' => [
        'GET'
      ]
    },
    {
      'params' => {
        'id' => qr/(?^:\d+)/
      },
      'route' => '/ado-users/:id',
      'to' => 'ado-users#update',
      'via' => [
        'PUT'
      ]
    },
    {
      'params' => {
        'id' => qr/(?^:\d+)/
      },
      'route' => '/ado-users/:id',
      'to' => 'ado-users#disable',
      'via' => [
        'DELETE'
      ]
    }
  ]
}

[Sat Jan 11 13:59:15 2014] [debug] GET "/ado-users/list.html".
[Sat Jan 11 13:59:15 2014] [debug] Routing to controller "Ado::Control::Ado::Users" and action "list".
[Sat Jan 11 13:59:15 2014] [debug] format:html
[Sat Jan 11 13:59:15 2014] [debug] Rendering inline template.
[Sat Jan 11 13:59:15 2014] [debug] 415 Unsupported Media Type (0.017903s, 55.857/s).
[Sat Jan 11 13:59:15 2014] [debug] GET "/ado-users/list.json".
[Sat Jan 11 13:59:15 2014] [debug] Routing to controller "Ado::Control::Ado::Users" and action "list".
[Sat Jan 11 13:59:15 2014] [debug] format:json
[Sat Jan 11 13:59:15 2014] [debug] rendering json only [20, 0]
[Sat Jan 11 13:59:15 2014] [debug] 200 OK (0.009709s, 102.997/s).
[Sat Jan 11 13:59:15 2014] [debug] Rendering inline template.
[Sat Jan 11 13:59:15 2014] [debug] Rendering inline template.
[Sat Jan 11 13:59:15 2014] [debug] 200 OK (0.196299s, 5.094/s).
[Sat Jan 11 13:59:15 2014] [debug] GET "/".
[Sat Jan 11 13:59:15 2014] [debug] Routing to controller "Ado::Control::Default" and action "index".
[Sat Jan 11 13:59:15 2014] [debug] Rendering template "layouts/default.html.ep".
[Sat Jan 11 13:59:15 2014] [debug] 200 OK (0.004982s, 200.723/s).
[Sat Jan 11 13:59:15 2014] [debug] GET "/default".
[Sat Jan 11 13:59:15 2014] [debug] Routing to controller "Ado::Control::Default" and action "index".
[Sat Jan 11 13:59:15 2014] [debug] Rendering cached template "layouts/default.html.ep".
[Sat Jan 11 13:59:15 2014] [debug] 200 OK (0.002785s, 359.066/s).
[Sat Jan 11 13:59:15 2014] [debug] GET "/default/index".
[Sat Jan 11 13:59:15 2014] [debug] Routing to controller "Ado::Control::Default" and action "index".
[Sat Jan 11 13:59:15 2014] [debug] Rendering cached template "layouts/default.html.ep".
[Sat Jan 11 13:59:15 2014] [debug] 200 OK (0.002348s, 425.894/s).
[Sat Jan 11 13:59:15 2014] [debug] GET "/default/form".
[Sat Jan 11 13:59:15 2014] [debug] Routing to controller "Ado::Control::Default" and action "form".
[Sat Jan 11 13:59:15 2014] [debug] Rendering cached template "layouts/default.html.ep".
[Sat Jan 11 13:59:15 2014] [debug] 200 OK (0.002077s, 481.464/s).
[Sat Jan 11 13:59:15 2014] [debug] GET "/ado".
[Sat Jan 11 13:59:15 2014] [debug] Routing to controller "Ado::Control::Ado::Default" and action "index".
[Sat Jan 11 13:59:15 2014] [debug] Rendering cached template "layouts/default.html.ep".
[Sat Jan 11 13:59:15 2014] [debug] 200 OK (0.008885s, 112.549/s).
[Sat Jan 11 13:59:15 2014] [debug] GET "/ado-default".
[Sat Jan 11 13:59:15 2014] [debug] Routing to controller "Ado::Control::Ado::Default" and action "index".
[Sat Jan 11 13:59:15 2014] [debug] Rendering cached template "layouts/default.html.ep".
[Sat Jan 11 13:59:15 2014] [debug] 200 OK (0.002042s, 489.716/s).
[Sat Jan 11 13:59:15 2014] [debug] GET "/ado-default/index".
[Sat Jan 11 13:59:15 2014] [debug] Routing to controller "Ado::Control::Ado::Default" and action "index".
[Sat Jan 11 13:59:15 2014] [debug] Rendering cached template "layouts/default.html.ep".
[Sat Jan 11 13:59:15 2014] [debug] 200 OK (0.002151s, 464.900/s).
[Sat Jan 11 13:59:15 2014] [debug] GET "/ado-default/form".
[Sat Jan 11 13:59:15 2014] [debug] Routing to controller "Ado::Control::Ado::Default" and action "form".
[Sat Jan 11 13:59:15 2014] [debug] Rendering cached template "layouts/default.html.ep".
[Sat Jan 11 13:59:15 2014] [debug] 200 OK (0.002334s, 428.449/s).
